<?xml version="1.0" encoding="UTF-8"?>
<!-- Generated by org.testng.reporters.JUnitReportReporter -->
<testsuite skipped="0" hostname="DESKTOP-QO13J5T" name="Test.DropdownMonths" tests="1" failures="0" timestamp="2021-11-23T13:56:34 CST" time="3.603" errors="0">
  <testcase name="months" time="3.603" classname="Test.DropdownMonths"/>
  <system-out/>
</testsuite> <!-- Test.DropdownMonths -->
