<?xml version="1.0" encoding="UTF-8"?>
<!-- Generated by org.testng.reporters.JUnitReportReporter -->
<testsuite skipped="0" hostname="DESKTOP-QO13J5T" name="Test.DuplicateCategoryTest" tests="1" failures="0" timestamp="2021-11-23T13:53:22 CST" time="6.555" errors="0">
  <testcase name="addDuplicate" time="6.555" classname="Test.DuplicateCategoryTest"/>
  <system-out/>
</testsuite> <!-- Test.DuplicateCategoryTest -->
