<?xml version="1.0" encoding="UTF-8"?>
<!-- Generated by org.testng.reporters.JUnitReportReporter -->
<testsuite skipped="0" hostname="DESKTOP-QO13J5T" name="Test.AddCategoryTest" tests="1" failures="0" timestamp="2021-11-23T13:52:08 CST" time="9.915" errors="0">
  <testcase name="addcat" time="9.915" classname="Test.AddCategoryTest"/>
  <system-out/>
</testsuite> <!-- Test.AddCategoryTest -->
